# JRE version: OpenJDK Runtime Environment Microsoft-11933218 (21.0.8+9) (build 21.0.8+9-LTS)
# Java VM: OpenJDK 64-Bit Server VM Microsoft-11933218 (21.0.8+9-LTS, mixed mode, sharing, tiered, compressed oops, compressed class ptrs, g1 gc, windows-amd64)
GC Precious Log:
 CardTable entry size: 512
 Card Set container configuration: InlinePtr #cards 5 size 8 Array Of Cards #cards 12 size 40 Howl #buckets 4 coarsen threshold 1843 Howl Bitmap #cards 512 size 80 coarsen threshold 460 Card regions per heap region 1 cards per card region 2048
 CPUs: 8 total, 8 available
 Memory: 7418M
 Large Page Support: Disabled
 NUMA Support: Disabled
 Compressed Oops: Enabled (32-bit)
 Heap Region Size: 1M
 Heap Min Capacity: 8M
 Heap Initial Capacity: 116M
 Heap Max Capacity: 1856M
 Pre-touch: Disabled
 Parallel Workers: 8
 Concurrent Workers: 2
 Concurrent Refinement Workers: 8
 Periodic GC: Disabled
Heap:
 garbage-first heap   total 45056K, used 28742K [0x000000008c000000, 0x0000000100000000)
  region size 1024K, 22 young (22528K), 5 survivors (5120K)
 Metaspace       used 23986K, committed 24512K, reserved 1114112K
  class space    used 3038K, committed 3264K, reserved 1048576K
GC Heap History (6 events):
Event: 6.436 GC heap before
{Heap before GC invocations=0 (full 0):
 garbage-first heap   total 118784K, used 25600K [0x000000008c000000, 0x0000000100000000)
  region size 1024K, 23 young (23552K), 0 survivors (0K)
 Metaspace       used 9637K, committed 9856K, reserved 1114112K
  class space    used 948K, committed 1088K, reserved 1048576K
}
Event: 6.444 GC heap after
{Heap after GC invocations=1 (full 0):
 garbage-first heap   total 118784K, used 7808K [0x000000008c000000, 0x0000000100000000)
  region size 1024K, 3 young (3072K), 3 survivors (3072K)
 Metaspace       used 9637K, committed 9856K, reserved 1114112K
  class space    used 948K, committed 1088K, reserved 1048576K
}
Event: 6.976 GC heap before
{Heap before GC invocations=1 (full 0):
 garbage-first heap   total 118784K, used 36480K [0x000000008c000000, 0x0000000100000000)
  region size 1024K, 31 young (31744K), 3 survivors (3072K)
 Metaspace       used 12698K, committed 13056K, reserved 1114112K
  class space    used 1300K, committed 1472K, reserved 1048576K
}
Event: 6.979 GC heap after
{Heap after GC invocations=2 (full 0):
 garbage-first heap   total 118784K, used 8902K [0x000000008c000000, 0x0000000100000000)
  region size 1024K, 2 young (2048K), 2 survivors (2048K)
 Metaspace       used 12698K, committed 13056K, reserved 1114112K
  class space    used 1300K, committed 1472K, reserved 1048576K
}
Event: 8.500 GC heap before
{Heap before GC invocations=2 (full 0):
 garbage-first heap   total 118784K, used 39622K [0x000000008c000000, 0x0000000100000000)
  region size 1024K, 34 young (34816K), 2 survivors (2048K)
 Metaspace       used 21018K, committed 21504K, reserved 1114112K
  class space    used 2523K, committed 2688K, reserved 1048576K
}
Event: 8.506 GC heap after
{Heap after GC invocations=3 (full 0):
 garbage-first heap   total 118784K, used 12358K [0x000000008c000000, 0x0000000100000000)
  region size 1024K, 5 young (5120K), 5 survivors (5120K)
 Metaspace       used 21018K, committed 21504K, reserved 1114112K
  class space    used 2523K, committed 2688K, reserved 1048576K
}

